\BOOKMARK [1][-]{section.1}{Introduction}{}% 1
\BOOKMARK [1][-]{section.2}{Requ\352tage}{}% 2
\BOOKMARK [1][-]{section.3}{Agregation}{}% 3
\BOOKMARK [1][-]{section.4}{Distinct et regroupement}{}% 4
\BOOKMARK [2][-]{subsection.4.1}{Exercice, transformer cette requ\352te SQL en requ\352te mongo}{section.4}% 5
\BOOKMARK [1][-]{section.5}{Op\351rateur de comparaison}{}% 6
\BOOKMARK [1][-]{section.6}{Cr\351ation d'un index}{}% 7
\BOOKMARK [1][-]{section.7}{Mise \340 jour des donn\351es - le U de CRUD}{}% 8
\BOOKMARK [1][-]{section.8}{Suppression des donn\351es - le D de CRUD}{}% 9
\BOOKMARK [1][-]{section.9}{Exercice i}{}% 10
\BOOKMARK [1][-]{section.10}{Exercice ii - Base de donn\351e g\351ographique.}{}% 11
\BOOKMARK [2][-]{subsection.10.1}{requ\352tage}{section.10}% 12
\BOOKMARK [2][-]{subsection.10.2}{Coordonn\351es et dimensions}{section.10}% 13
\BOOKMARK [2][-]{subsection.10.3}{Indexation g\351ographique}{section.10}% 14
\BOOKMARK [1][-]{section.11}{Replication}{}% 15
\BOOKMARK [2][-]{subsection.11.1}{un maitre avec un ou plusieur esclaves}{section.11}% 16
\BOOKMARK [2][-]{subsection.11.2}{Plusieur ma\356tres et un esclave}{section.11}% 17
\BOOKMARK [1][-]{section.12}{Le sharding ou partitionement}{}% 18
\BOOKMARK [1][-]{section.13}{Administration et s\351curit\351}{}% 19
\BOOKMARK [2][-]{subsection.13.1}{Backup}{section.13}% 20
\BOOKMARK [2][-]{subsection.13.2}{Authetification}{section.13}% 21
